2016-12-09T15:27:01+05:00 INFO (6): Starting Stasis Program... Waiting for handshake...
2016-12-09T15:27:01+05:00 INFO (6): Initializing Handlers... Waiting for handshake...
2016-12-09T15:27:01+05:00 INFO (6): Connecting... Waiting for handshake...
2016-12-09T15:27:01+05:00 NOTICE (5): Request received!
2016-12-09T15:27:01+05:00 NOTICE (5): Handshake received!
2016-12-09T15:33:42+05:00 INFO (6): Starting Stasis Program... Waiting for handshake...
2016-12-09T15:33:42+05:00 INFO (6): Initializing Handlers... Waiting for handshake...
2016-12-09T15:33:42+05:00 INFO (6): Connecting... Waiting for handshake...
2016-12-09T15:33:42+05:00 NOTICE (5): Request received!
2016-12-09T15:33:42+05:00 NOTICE (5): Handshake received!
2016-12-09T15:34:28+05:00 NOTICE (5): Received event: StasisStart
2016-12-09T15:34:28+05:00 NOTICE (5): Event received: StasisStart
2016-12-09T15:34:28+05:00 NOTICE (5): Received event: PlaybackStarted
2016-12-09T15:34:28+05:00 NOTICE (5): +++ PlaybackStarted +++ {"id":"play1","media_uri":"sound:demo-thanks","target_uri":"channel:1481279332.225","language":"en","state":"playing"}

2016-12-09T15:34:34+05:00 NOTICE (5): Received event: PlaybackFinished
2016-12-09T15:34:34+05:00 NOTICE (5): Received event: PlaybackStarted
2016-12-09T15:34:34+05:00 NOTICE (5): +++ PlaybackStarted +++ {"id":"play2","media_uri":"sound:demo-congrats","target_uri":"channel:1481279332.225","language":"en","state":"playing"}

2016-12-09T15:35:04+05:00 NOTICE (5): Received event: PlaybackFinished
2016-12-09T15:35:04+05:00 NOTICE (5): Received event: PlaybackStarted
2016-12-09T15:35:04+05:00 NOTICE (5): +++ PlaybackStarted +++ {"id":"end","media_uri":"sound:demo-echotest","target_uri":"channel:1481279332.225","language":"en","state":"playing"}

2016-12-09T15:35:26+05:00 NOTICE (5): Received event: PlaybackFinished
2016-12-09T15:35:33+05:00 NOTICE (5): Received event: ChannelDtmfReceived
2016-12-09T15:35:33+05:00 NOTICE (5): +++ DTMF Received +++ [1] [1]

2016-12-09T15:35:35+05:00 NOTICE (5): Received event: ChannelDtmfReceived
2016-12-09T15:35:35+05:00 NOTICE (5): +++ DTMF Received +++ [2] [12]

2016-12-09T15:35:36+05:00 NOTICE (5): Received event: ChannelDtmfReceived
2016-12-09T15:35:36+05:00 NOTICE (5): +++ DTMF Received +++ [3] [123]

2016-12-09T15:35:37+05:00 NOTICE (5): Received event: ChannelDtmfReceived
2016-12-09T15:35:37+05:00 NOTICE (5): +++ DTMF Received +++ [4] [1234]

2016-12-09T15:35:53+05:00 NOTICE (5): Received event: ChannelDtmfReceived
2016-12-09T15:35:53+05:00 NOTICE (5): +++ DTMF Received +++ [#] [1234#]

2016-12-09T15:35:53+05:00 NOTICE (5): +++ Playback ID:
2016-12-09T15:35:53+05:00 NOTICE (5): Received event: StasisEnd
2016-12-09T15:35:53+05:00 NOTICE (5): Event received: StasisEnd
2016-12-09T15:35:53+05:00 NOTICE (5): Error occurred: playbackid is required for this operation
2016-12-09T15:59:19+05:00 INFO (6): Starting Stasis Program... Waiting for handshake...
2016-12-09T15:59:19+05:00 INFO (6): Initializing Handlers... Waiting for handshake...
2016-12-09T15:59:19+05:00 INFO (6): Connecting... Waiting for handshake...
2016-12-09T15:59:32+05:00 NOTICE (5): Request received!
2016-12-09T15:59:33+05:00 NOTICE (5): Handshake received!
2016-12-09T15:59:59+05:00 NOTICE (5): Received event: StasisStart
2016-12-09T15:59:59+05:00 NOTICE (5): Event received: StasisStart
2016-12-09T16:00:02+05:00 NOTICE (5): Received event: PlaybackStarted
2016-12-09T16:00:02+05:00 NOTICE (5): +++ PlaybackStarted +++ {"id":"play1","media_uri":"sound:demo-congrats","target_uri":"channel:1481280861.231","language":"en","state":"playing"}

2016-12-09T16:00:32+05:00 NOTICE (5): Received event: PlaybackFinished
2016-12-09T16:00:32+05:00 NOTICE (5): Received event: PlaybackStarted
2016-12-09T16:00:32+05:00 NOTICE (5): +++ PlaybackStarted +++ {"id":"play2","media_uri":"sound:demo-congrats","target_uri":"channel:1481280861.231","language":"en","state":"playing"}

2016-12-09T16:01:02+05:00 NOTICE (5): Received event: PlaybackFinished
2016-12-09T16:01:02+05:00 NOTICE (5): Received event: PlaybackStarted
2016-12-09T16:01:02+05:00 NOTICE (5): +++ PlaybackStarted +++ {"id":"end","media_uri":"sound:demo-echotest","target_uri":"channel:1481280861.231","language":"en","state":"playing"}

2016-12-09T16:01:24+05:00 NOTICE (5): Received event: PlaybackFinished
2016-12-09T16:01:51+05:00 NOTICE (5): Received event: ChannelDtmfReceived
2016-12-09T17:10:05+05:00 INFO (6): Starting Stasis Program... Waiting for handshake...
2016-12-09T17:10:05+05:00 INFO (6): Initializing Handlers... Waiting for handshake...
2016-12-09T17:10:05+05:00 INFO (6): Connecting... Waiting for handshake...
2016-12-09T17:15:30+05:00 INFO (6): Starting Stasis Program... Waiting for handshake...
2016-12-09T17:15:30+05:00 INFO (6): Initializing Handlers... Waiting for handshake...
2016-12-09T17:15:30+05:00 INFO (6): Connecting... Waiting for handshake...
2016-12-09T17:21:18+05:00 INFO (6): Starting Stasis Program... Waiting for handshake...
2016-12-09T17:21:18+05:00 INFO (6): Initializing Handlers... Waiting for handshake...
2016-12-09T17:21:18+05:00 INFO (6): Connecting... Waiting for handshake...
2016-12-09T17:42:57+05:00 INFO (6): Starting Stasis Program... Waiting for handshake...
2016-12-09T17:42:57+05:00 INFO (6): Initializing Handlers... Waiting for handshake...
2016-12-09T17:42:57+05:00 INFO (6): Connecting... Waiting for handshake...
2016-12-09T17:43:58+05:00 INFO (6): Starting Stasis Program... Waiting for handshake...
2016-12-09T17:43:58+05:00 INFO (6): Initializing Handlers... Waiting for handshake...
2016-12-09T17:43:58+05:00 INFO (6): Connecting... Waiting for handshake...
2016-12-10T10:34:28+05:00 INFO (6): Starting Stasis Program... Waiting for handshake...
2016-12-10T10:34:28+05:00 INFO (6): Initializing Handlers... Waiting for handshake...
2016-12-10T10:34:28+05:00 INFO (6): Connecting... Waiting for handshake...
2016-12-10T10:49:50+05:00 INFO (6): Starting Stasis Program... Waiting for handshake...
2016-12-10T10:49:50+05:00 INFO (6): Initializing Handlers... Waiting for handshake...
2016-12-10T10:49:50+05:00 INFO (6): Connecting... Waiting for handshake...
2016-12-10T10:50:57+05:00 INFO (6): Starting Stasis Program... Waiting for handshake...
2016-12-10T10:50:57+05:00 INFO (6): Initializing Handlers... Waiting for handshake...
2016-12-10T10:50:57+05:00 INFO (6): Connecting... Waiting for handshake...
2016-12-10T10:51:42+05:00 INFO (6): Starting Stasis Program... Waiting for handshake...
2016-12-10T10:51:42+05:00 INFO (6): Initializing Handlers... Waiting for handshake...
2016-12-10T10:51:42+05:00 INFO (6): Connecting... Waiting for handshake...
2016-12-10T11:02:05+05:00 INFO (6): Starting Stasis Program... Waiting for handshake...
2016-12-10T11:02:05+05:00 INFO (6): Initializing Handlers... Waiting for handshake...
2016-12-10T11:02:05+05:00 INFO (6): Connecting... Waiting for handshake...
2016-12-10T14:19:42+05:00 INFO (6): Starting Stasis Program... Waiting for handshake...
2016-12-10T14:19:42+05:00 INFO (6): Initializing Handlers... Waiting for handshake...
2016-12-10T14:19:42+05:00 INFO (6): Connecting... Waiting for handshake...
2016-12-10T14:20:01+05:00 NOTICE (5): Event received: StasisStart
2016-12-10T14:20:01+05:00 NOTICE (5): Creating new instance in channelStorage
2016-12-10T14:20:01+05:00 NOTICE (5): channelStorage: Array
(
)

2016-12-10T14:20:01+05:00 NOTICE (5): About to originate a call to another party, and bridge to us
2016-12-10T14:25:47+05:00 INFO (6): Starting Stasis Program... Waiting for handshake...
2016-12-10T14:25:47+05:00 INFO (6): Initializing Handlers... Waiting for handshake...
2016-12-10T14:25:47+05:00 INFO (6): Connecting... Waiting for handshake...
2016-12-10T14:28:32+05:00 INFO (6): Starting Stasis Program... Waiting for handshake...
2016-12-10T14:28:32+05:00 INFO (6): Initializing Handlers... Waiting for handshake...
2016-12-10T14:28:32+05:00 INFO (6): Connecting... Waiting for handshake...
2016-12-10T14:38:06+05:00 INFO (6): Starting Stasis Program... Waiting for handshake...
2016-12-10T14:38:06+05:00 INFO (6): Initializing Handlers... Waiting for handshake...
2016-12-10T14:38:06+05:00 INFO (6): Connecting... Waiting for handshake...
2016-12-10T14:40:23+05:00 INFO (6): Starting Stasis Program... Waiting for handshake...
2016-12-10T14:40:23+05:00 INFO (6): Initializing Handlers... Waiting for handshake...
2016-12-10T14:40:23+05:00 INFO (6): Connecting... Waiting for handshake...
2016-12-10T14:42:04+05:00 INFO (6): Starting Stasis Program... Waiting for handshake...
2016-12-10T14:42:04+05:00 INFO (6): Initializing Handlers... Waiting for handshake...
2016-12-10T14:42:04+05:00 INFO (6): Connecting... Waiting for handshake...
2016-12-10T16:38:52+05:00 INFO (6): Starting Stasis Program... Waiting for handshake...
2016-12-10T16:38:52+05:00 INFO (6): Initializing Handlers... Waiting for handshake...
2016-12-10T16:38:52+05:00 INFO (6): Connecting... Waiting for handshake...
2016-12-10T16:42:04+05:00 INFO (6): Starting Stasis Program... Waiting for handshake...
2016-12-10T16:42:04+05:00 INFO (6): Initializing Handlers... Waiting for handshake...
2016-12-10T16:42:04+05:00 INFO (6): Connecting... Waiting for handshake...
2016-12-10T16:44:31+05:00 INFO (6): Starting Stasis Program... Waiting for handshake...
2016-12-10T16:44:31+05:00 INFO (6): Initializing Handlers... Waiting for handshake...
2016-12-10T16:44:31+05:00 INFO (6): Connecting... Waiting for handshake...
2016-12-13T15:05:57+05:00 INFO (6): Starting Stasis Program... Waiting for handshake...
2016-12-13T15:05:57+05:00 INFO (6): Initializing Handlers... Waiting for handshake...
2016-12-13T15:05:57+05:00 INFO (6): Connecting... Waiting for handshake...
2016-12-13T15:33:40+05:00 DEBUG (7): Initializing WebSocket Information
2016-12-13T15:33:41+05:00 DEBUG (7): Initializing Stasis Event Emitter
2016-12-13T15:33:41+05:00 INFO (6): Starting Stasis Program... Waiting for handshake...
2016-12-13T15:33:41+05:00 INFO (6): Initializing Handlers... Waiting for handshake...
2016-12-13T15:33:41+05:00 INFO (6): Connecting... Waiting for handshake...
2016-12-13T16:00:47+05:00 DEBUG (7): Initializing WebSocket Information
2016-12-13T16:00:47+05:00 DEBUG (7): Initializing Stasis Event Emitter
2016-12-13T16:00:47+05:00 INFO (6): Starting Stasis Program... Waiting for handshake...
2016-12-13T16:00:47+05:00 INFO (6): Initializing Handlers... Waiting for handshake...
2016-12-13T16:00:47+05:00 INFO (6): Connecting... Waiting for handshake...
2016-12-13T16:02:42+05:00 DEBUG (7): Initializing WebSocket Information
2016-12-13T16:02:42+05:00 DEBUG (7): Initializing Stasis Event Emitter
2016-12-13T16:02:42+05:00 INFO (6): Starting Stasis Program... Waiting for handshake...
2016-12-13T16:02:42+05:00 INFO (6): Initializing Handlers... Waiting for handshake...
2016-12-13T16:02:42+05:00 INFO (6): Connecting... Waiting for handshake...
2016-12-13T16:03:33+05:00 DEBUG (7): Initializing WebSocket Information
2016-12-13T16:03:33+05:00 DEBUG (7): Initializing Stasis Event Emitter
2016-12-13T16:03:33+05:00 INFO (6): Starting Stasis Program... Waiting for handshake...
2016-12-13T16:03:33+05:00 INFO (6): Initializing Handlers... Waiting for handshake...
2016-12-13T16:03:33+05:00 INFO (6): Connecting... Waiting for handshake...
2016-12-13T16:04:24+05:00 DEBUG (7): Initializing WebSocket Information
2016-12-13T16:04:24+05:00 DEBUG (7): Initializing Stasis Event Emitter
2016-12-13T16:04:24+05:00 INFO (6): Starting Stasis Program... Waiting for handshake...
2016-12-13T16:04:24+05:00 INFO (6): Initializing Handlers... Waiting for handshake...
2016-12-13T16:04:24+05:00 INFO (6): Connecting... Waiting for handshake...
2016-12-13T16:07:10+05:00 DEBUG (7): Initializing WebSocket Information
2016-12-13T16:07:10+05:00 DEBUG (7): Initializing Stasis Event Emitter
2016-12-13T16:07:10+05:00 INFO (6): Starting Stasis Program... Waiting for handshake...
2016-12-13T16:07:10+05:00 INFO (6): Initializing Handlers... Waiting for handshake...
2016-12-13T16:07:10+05:00 INFO (6): Connecting... Waiting for handshake...
2016-12-13T16:07:55+05:00 DEBUG (7): Initializing WebSocket Information
2016-12-13T16:07:56+05:00 DEBUG (7): Initializing Stasis Event Emitter
2016-12-13T16:07:56+05:00 INFO (6): Starting Stasis Program... Waiting for handshake...
2016-12-13T16:07:56+05:00 INFO (6): Initializing Handlers... Waiting for handshake...
2016-12-13T16:07:56+05:00 INFO (6): Connecting... Waiting for handshake...
2016-12-13T16:08:45+05:00 DEBUG (7): Initializing WebSocket Information
2016-12-13T16:08:45+05:00 DEBUG (7): Initializing Stasis Event Emitter
2016-12-13T16:08:45+05:00 INFO (6): Starting Stasis Program... Waiting for handshake...
2016-12-13T16:08:45+05:00 INFO (6): Initializing Handlers... Waiting for handshake...
2016-12-13T16:08:45+05:00 INFO (6): Connecting... Waiting for handshake...
2016-12-13T16:10:12+05:00 DEBUG (7): Initializing WebSocket Information
2016-12-13T16:10:12+05:00 DEBUG (7): Initializing Stasis Event Emitter
2016-12-13T16:10:12+05:00 INFO (6): Starting Stasis Program... Waiting for handshake...
2016-12-13T16:10:12+05:00 INFO (6): Initializing Handlers... Waiting for handshake...
2016-12-13T16:10:12+05:00 INFO (6): Connecting... Waiting for handshake...
2016-12-13T16:46:20+05:00 DEBUG (7): Initializing WebSocket Information
2016-12-13T16:46:20+05:00 DEBUG (7): Initializing Stasis Event Emitter
2016-12-13T16:46:20+05:00 INFO (6): Starting Stasis Program... Waiting for handshake...
2016-12-13T16:46:20+05:00 INFO (6): Initializing Handlers... Waiting for handshake...
2016-12-13T16:46:20+05:00 INFO (6): Connecting... Waiting for handshake...
2016-12-13T16:46:26+05:00 DEBUG (7): channels class had been initiated
2016-12-13T16:47:46+05:00 DEBUG (7): Initializing WebSocket Information
2016-12-13T16:47:46+05:00 DEBUG (7): Initializing Stasis Event Emitter
2016-12-13T16:47:46+05:00 INFO (6): Starting Stasis Program... Waiting for handshake...
2016-12-13T16:47:46+05:00 INFO (6): Initializing Handlers... Waiting for handshake...
2016-12-13T16:47:46+05:00 INFO (6): Connecting... Waiting for handshake...
2016-12-13T16:47:59+05:00 DEBUG (7): channels class had been initiated
2016-12-13T16:57:42+05:00 DEBUG (7): Initializing WebSocket Information
2016-12-13T16:57:42+05:00 DEBUG (7): Initializing Stasis Event Emitter
2016-12-13T16:57:42+05:00 INFO (6): Starting Stasis Program... Waiting for handshake...
2016-12-13T16:57:42+05:00 INFO (6): Initializing Handlers... Waiting for handshake...
2016-12-13T16:57:42+05:00 INFO (6): Connecting... Waiting for handshake...
2016-12-13T16:57:58+05:00 DEBUG (7): channels class had been initiated
2016-12-13T16:58:46+05:00 DEBUG (7): Initializing WebSocket Information
2016-12-13T16:58:46+05:00 DEBUG (7): Initializing Stasis Event Emitter
2016-12-13T16:58:46+05:00 INFO (6): Starting Stasis Program... Waiting for handshake...
2016-12-13T16:58:46+05:00 INFO (6): Initializing Handlers... Waiting for handshake...
2016-12-13T16:58:46+05:00 INFO (6): Connecting... Waiting for handshake...
2016-12-13T16:59:00+05:00 DEBUG (7): channels class had been initiated
2016-12-13T17:10:04+05:00 DEBUG (7): Initializing WebSocket Information
2016-12-13T17:10:04+05:00 DEBUG (7): Initializing Stasis Event Emitter
2016-12-13T17:10:04+05:00 INFO (6): Starting Stasis Program... Waiting for handshake...
2016-12-13T17:11:06+05:00 DEBUG (7): Initializing WebSocket Information
2016-12-13T17:11:06+05:00 DEBUG (7): Initializing Stasis Event Emitter
2016-12-13T17:11:06+05:00 INFO (6): Starting Stasis Program... Waiting for handshake...
2016-12-13T17:11:06+05:00 INFO (6): Initializing Handlers... Waiting for handshake...
2016-12-13T17:11:06+05:00 INFO (6): Connecting... Waiting for handshake...
2016-12-13T17:11:28+05:00 DEBUG (7): channels class had been initiated
2016-12-13T17:12:25+05:00 DEBUG (7): Initializing WebSocket Information
2016-12-13T17:12:25+05:00 DEBUG (7): Initializing Stasis Event Emitter
2016-12-13T17:12:25+05:00 INFO (6): Starting Stasis Program... Waiting for handshake...
2016-12-13T17:12:25+05:00 INFO (6): Initializing Handlers... Waiting for handshake...
2016-12-13T17:12:25+05:00 INFO (6): Connecting... Waiting for handshake...
2016-12-13T17:12:38+05:00 DEBUG (7): channels class had been initiated
2016-12-13T17:14:26+05:00 DEBUG (7): Initializing WebSocket Information
2016-12-13T17:14:26+05:00 DEBUG (7): Initializing Stasis Event Emitter
2016-12-13T17:14:26+05:00 INFO (6): Starting Stasis Program... Waiting for handshake...
2016-12-13T17:14:26+05:00 INFO (6): Initializing Handlers... Waiting for handshake...
2016-12-13T17:14:26+05:00 INFO (6): Connecting... Waiting for handshake...
2016-12-13T17:14:43+05:00 DEBUG (7): channels class had been initiated
2016-12-13T17:15:44+05:00 DEBUG (7): Initializing WebSocket Information
2016-12-13T17:15:44+05:00 DEBUG (7): Initializing Stasis Event Emitter
2016-12-13T17:15:44+05:00 INFO (6): Starting Stasis Program... Waiting for handshake...
2016-12-13T17:15:44+05:00 INFO (6): Initializing Handlers... Waiting for handshake...
2016-12-13T17:15:44+05:00 INFO (6): Connecting... Waiting for handshake...
2016-12-13T17:16:00+05:00 DEBUG (7): channels class had been initiated
2016-12-13T17:17:36+05:00 DEBUG (7): Initializing WebSocket Information
2016-12-13T17:17:36+05:00 DEBUG (7): Initializing Stasis Event Emitter
2016-12-13T17:17:36+05:00 INFO (6): Starting Stasis Program... Waiting for handshake...
2016-12-13T17:17:36+05:00 INFO (6): Initializing Handlers... Waiting for handshake...
2016-12-13T17:17:36+05:00 INFO (6): Connecting... Waiting for handshake...
2016-12-13T17:17:48+05:00 DEBUG (7): channels class had been initiated
2016-12-13T17:20:38+05:00 DEBUG (7): Initializing WebSocket Information
2016-12-13T17:20:38+05:00 DEBUG (7): Initializing Stasis Event Emitter
2016-12-13T17:20:38+05:00 INFO (6): Starting Stasis Program... Waiting for handshake...
2016-12-13T17:20:38+05:00 INFO (6): Initializing Handlers... Waiting for handshake...
2016-12-13T17:20:38+05:00 INFO (6): Connecting... Waiting for handshake...
2016-12-13T17:20:51+05:00 DEBUG (7): channels class had been initiated
2016-12-14T09:43:53+05:00 DEBUG (7): Initializing WebSocket Information
2016-12-14T09:43:53+05:00 DEBUG (7): Initializing Stasis Event Emitter
2016-12-14T09:43:53+05:00 INFO (6): Starting Stasis Program... Waiting for handshake...
2016-12-14T09:43:53+05:00 INFO (6): Initializing Handlers... Waiting for handshake...
2016-12-14T09:43:53+05:00 INFO (6): Connecting... Waiting for handshake...
2016-12-14T09:44:10+05:00 DEBUG (7): channels class had been initiated
2016-12-14T09:47:24+05:00 DEBUG (7): Initializing WebSocket Information
2016-12-14T09:47:24+05:00 DEBUG (7): Initializing Stasis Event Emitter
2016-12-14T09:47:24+05:00 INFO (6): Starting Stasis Program... Waiting for handshake...
2016-12-14T09:47:24+05:00 INFO (6): Initializing Handlers... Waiting for handshake...
2016-12-14T09:47:24+05:00 INFO (6): Connecting... Waiting for handshake...
2016-12-14T09:47:39+05:00 DEBUG (7): channels class had been initiated
2016-12-14T09:52:34+05:00 DEBUG (7): Initializing WebSocket Information
2016-12-14T09:52:34+05:00 DEBUG (7): Initializing Stasis Event Emitter
2016-12-14T09:52:34+05:00 INFO (6): Starting Stasis Program... Waiting for handshake...
2016-12-14T09:52:34+05:00 INFO (6): Initializing Handlers... Waiting for handshake...
2016-12-14T09:52:34+05:00 INFO (6): Connecting... Waiting for handshake...
2016-12-14T09:52:49+05:00 DEBUG (7): channels class had been initiated
2016-12-14T09:54:19+05:00 DEBUG (7): Initializing WebSocket Information
2016-12-14T09:54:19+05:00 DEBUG (7): Initializing Stasis Event Emitter
2016-12-14T09:54:19+05:00 INFO (6): Starting Stasis Program... Waiting for handshake...
2016-12-14T09:54:19+05:00 INFO (6): Initializing Handlers... Waiting for handshake...
2016-12-14T09:54:19+05:00 INFO (6): Connecting... Waiting for handshake...
2016-12-14T09:54:32+05:00 DEBUG (7): channels class had been initiated
2016-12-14T09:55:17+05:00 DEBUG (7): Initializing WebSocket Information
2016-12-14T09:55:17+05:00 DEBUG (7): Initializing Stasis Event Emitter
2016-12-14T09:55:17+05:00 INFO (6): Starting Stasis Program... Waiting for handshake...
2016-12-14T09:55:17+05:00 INFO (6): Initializing Handlers... Waiting for handshake...
2016-12-14T09:55:17+05:00 INFO (6): Connecting... Waiting for handshake...
2016-12-14T09:55:32+05:00 DEBUG (7): channels class had been initiated
2016-12-14T10:10:35+05:00 DEBUG (7): Initializing WebSocket Information
2016-12-14T10:10:35+05:00 DEBUG (7): Initializing Stasis Event Emitter
2016-12-14T10:10:35+05:00 INFO (6): Starting Stasis Program... Waiting for handshake...
2016-12-14T10:10:35+05:00 INFO (6): Initializing Handlers... Waiting for handshake...
2016-12-14T10:10:35+05:00 INFO (6): Connecting... Waiting for handshake...
2016-12-14T10:10:48+05:00 DEBUG (7): channels class had been initiated
2016-12-14T10:24:43+05:00 DEBUG (7): playbacks class had been initiated
2016-12-14T10:52:20+05:00 DEBUG (7): Initializing WebSocket Information
2016-12-14T10:52:20+05:00 DEBUG (7): Initializing Stasis Event Emitter
2016-12-14T10:52:20+05:00 INFO (6): Starting Stasis Program... Waiting for handshake...
2016-12-14T10:52:20+05:00 INFO (6): Connecting... Waiting for handshake...
2016-12-14T10:53:17+05:00 DEBUG (7): Initializing WebSocket Information
2016-12-14T10:53:17+05:00 DEBUG (7): Initializing Stasis Event Emitter
2016-12-14T10:53:17+05:00 INFO (6): Initializing Handlers... Waiting for handshake...
2016-12-14T10:53:17+05:00 INFO (6): Starting Stasis Program... Waiting for handshake...
2016-12-14T10:53:17+05:00 INFO (6): Connecting... Waiting for handshake...
2016-12-14T10:55:14+05:00 DEBUG (7): Initializing WebSocket Information
2016-12-14T10:55:14+05:00 DEBUG (7): Initializing Stasis Event Emitter
2016-12-14T10:55:14+05:00 INFO (6): Starting Stasis Program... Waiting for handshake...
2016-12-14T10:55:14+05:00 INFO (6): Initializing Handlers... Waiting for handshake...
2016-12-14T10:55:14+05:00 INFO (6): Connecting... Waiting for handshake...
2016-12-14T11:10:55+05:00 DEBUG (7): Initializing WebSocket Information
2016-12-14T11:10:55+05:00 DEBUG (7): Initializing Stasis Event Emitter
2016-12-14T11:10:55+05:00 NOTICE (5): Request received!
2016-12-14T11:10:55+05:00 NOTICE (5): Handshake received!
2016-12-14T11:11:22+05:00 NOTICE (5): Received event: ChannelStateChange
2016-12-14T11:11:24+05:00 NOTICE (5): Received event: ChannelStateChange
2016-12-14T11:11:24+05:00 NOTICE (5): Received event: ChannelVarset
2016-12-14T11:11:24+05:00 NOTICE (5): Received event: StasisStart
2016-12-14T11:11:24+05:00 NOTICE (5): Event received: StasisStart
2016-12-14T11:11:24+05:00 DEBUG (7): channels class had been initiated
2016-12-14T11:11:24+05:00 NOTICE (5): Received event: PlaybackStarted
2016-12-14T11:11:24+05:00 NOTICE (5): +++ PlaybackStarted +++ {"id":"play1","media_uri":"sound:demo-thanks","target_uri":"channel:324234","language":"en","state":"playing"}

2016-12-14T11:11:29+05:00 NOTICE (5): Received event: PlaybackFinished
2016-12-14T11:11:29+05:00 NOTICE (5): Received event: PlaybackStarted
2016-12-14T11:11:29+05:00 NOTICE (5): +++ PlaybackStarted +++ {"id":"play2","media_uri":"sound:demo-congrats","target_uri":"channel:324234","language":"en","state":"playing"}

2016-12-14T11:11:59+05:00 NOTICE (5): Received event: PlaybackFinished
2016-12-14T11:12:00+05:00 NOTICE (5): Received event: PlaybackStarted
2016-12-14T11:12:00+05:00 NOTICE (5): +++ PlaybackStarted +++ {"id":"end","media_uri":"sound:demo-echotest","target_uri":"channel:324234","language":"en","state":"playing"}

2016-12-14T11:12:21+05:00 NOTICE (5): Received event: PlaybackFinished
2016-12-14T11:13:47+05:00 DEBUG (7): Initializing WebSocket Information
2016-12-14T11:13:47+05:00 DEBUG (7): Initializing Stasis Event Emitter
2016-12-14T11:14:04+05:00 DEBUG (7): channels class had been initiated
2016-12-14T11:15:24+05:00 DEBUG (7): playbacks class had been initiated
2016-12-14T11:40:38+05:00 DEBUG (7): Initializing WebSocket Information
2016-12-14T11:40:38+05:00 DEBUG (7): Initializing Stasis Event Emitter
2016-12-14T11:40:53+05:00 DEBUG (7): channels class had been initiated
2016-12-14T11:43:35+05:00 DEBUG (7): Initializing WebSocket Information
2016-12-14T11:43:35+05:00 DEBUG (7): Initializing Stasis Event Emitter
2016-12-14T11:43:47+05:00 DEBUG (7): channels class had been initiated
2016-12-14T11:44:44+05:00 DEBUG (7): Initializing WebSocket Information
2016-12-14T11:44:44+05:00 DEBUG (7): Initializing Stasis Event Emitter
2016-12-14T11:44:56+05:00 DEBUG (7): channels class had been initiated
2016-12-14T11:46:00+05:00 DEBUG (7): Initializing WebSocket Information
2016-12-14T11:46:00+05:00 DEBUG (7): Initializing Stasis Event Emitter
2016-12-14T11:46:12+05:00 DEBUG (7): channels class had been initiated
2016-12-14T11:46:43+05:00 DEBUG (7): Initializing WebSocket Information
2016-12-14T11:46:43+05:00 DEBUG (7): Initializing Stasis Event Emitter
2016-12-14T11:46:46+05:00 DEBUG (7): channels class had been initiated
2016-12-14T11:50:04+05:00 DEBUG (7): Initializing WebSocket Information
2016-12-14T11:50:04+05:00 DEBUG (7): Initializing Stasis Event Emitter
2016-12-14T11:50:17+05:00 DEBUG (7): channels class had been initiated
2016-12-14T11:51:54+05:00 DEBUG (7): Initializing WebSocket Information
2016-12-14T11:51:54+05:00 DEBUG (7): Initializing Stasis Event Emitter
2016-12-14T11:52:13+05:00 DEBUG (7): channels class had been initiated
2016-12-14T13:05:11+05:00 DEBUG (7): Initializing WebSocket Information
2016-12-14T13:05:11+05:00 DEBUG (7): Initializing Stasis Event Emitter
2016-12-14T14:45:01+05:00 DEBUG (7): Initializing WebSocket Information
2016-12-14T14:45:01+05:00 DEBUG (7): Initializing Stasis Event Emitter
2016-12-14T14:45:58+05:00 DEBUG (7): channels class had been initiated
2016-12-14T14:48:44+05:00 DEBUG (7): Initializing WebSocket Information
2016-12-14T14:48:44+05:00 DEBUG (7): Initializing Stasis Event Emitter
2016-12-14T14:49:46+05:00 DEBUG (7): Initializing WebSocket Information
2016-12-14T14:49:46+05:00 DEBUG (7): Initializing Stasis Event Emitter
2016-12-14T14:49:49+05:00 DEBUG (7): channels class had been initiated
2016-12-14T14:50:18+05:00 DEBUG (7): Initializing WebSocket Information
2016-12-14T14:50:18+05:00 DEBUG (7): Initializing Stasis Event Emitter
2016-12-14T14:50:20+05:00 DEBUG (7): channels class had been initiated
2016-12-14T16:21:08+05:00 DEBUG (7): Initializing WebSocket Information
2016-12-14T16:21:09+05:00 DEBUG (7): Initializing Stasis Event Emitter
2016-12-14T16:21:21+05:00 DEBUG (7): channels class had been initiated
2016-12-14T16:32:59+05:00 DEBUG (7): Initializing WebSocket Information
2016-12-14T16:32:59+05:00 DEBUG (7): Initializing Stasis Event Emitter
2016-12-14T16:33:46+05:00 DEBUG (7): Initializing WebSocket Information
2016-12-14T16:33:46+05:00 DEBUG (7): Initializing Stasis Event Emitter
2016-12-14T16:34:00+05:00 DEBUG (7): channels class had been initiated
2016-12-14T16:35:10+05:00 DEBUG (7): Initializing WebSocket Information
2016-12-14T16:35:10+05:00 DEBUG (7): Initializing Stasis Event Emitter
2016-12-14T16:35:25+05:00 DEBUG (7): channels class had been initiated
2016-12-14T16:38:15+05:00 DEBUG (7): Initializing WebSocket Information
2016-12-14T16:38:15+05:00 DEBUG (7): Initializing Stasis Event Emitter
2016-12-14T16:38:30+05:00 DEBUG (7): channels class had been initiated
2016-12-14T16:44:00+05:00 DEBUG (7): Initializing WebSocket Information
2016-12-14T16:44:00+05:00 DEBUG (7): Initializing Stasis Event Emitter
2016-12-14T16:44:16+05:00 DEBUG (7): channels class had been initiated
2016-12-15T09:55:49+05:00 DEBUG (7): Initializing WebSocket Information
2016-12-15T09:55:49+05:00 DEBUG (7): Initializing Stasis Event Emitter
2016-12-15T09:56:28+05:00 DEBUG (7): channels class had been initiated
2016-12-16T09:44:54+05:00 DEBUG (7): Initializing WebSocket Information
2016-12-16T09:44:54+05:00 DEBUG (7): Initializing Stasis Event Emitter
2016-12-16T10:10:42+05:00 DEBUG (7): channels class had been initiated
2016-12-16T15:15:57+05:00 DEBUG (7): Initializing WebSocket Information
2016-12-16T15:15:57+05:00 DEBUG (7): Initializing Stasis Event Emitter
2016-12-16T15:25:39+05:00 DEBUG (7): channels class had been initiated
