2016-12-09T12:01:55+05:00 INFO (6): Starting Stasis Program... Waiting for handshake...
2016-12-09T12:01:55+05:00 INFO (6): Initializing Handlers... Waiting for handshake...
2016-12-09T12:01:55+05:00 INFO (6): Connecting... Waiting for handshake...
2016-12-09T12:01:56+05:00 NOTICE (5): Request received!
2016-12-09T12:01:56+05:00 NOTICE (5): Handshake received!
2016-12-13T15:13:53+05:00 DEBUG (7): Initializing WebSocket Information
2016-12-13T15:13:53+05:00 DEBUG (7): Initializing Stasis Event Emitter
2016-12-13T15:13:53+05:00 DEBUG (7): channels class had been initiated
2016-12-13T15:15:07+05:00 DEBUG (7): Initializing WebSocket Information
2016-12-13T15:15:07+05:00 DEBUG (7): Initializing Stasis Event Emitter
2016-12-13T15:15:07+05:00 DEBUG (7): channels class had been initiated
2016-12-13T15:15:46+05:00 DEBUG (7): Initializing WebSocket Information
2016-12-13T15:15:46+05:00 DEBUG (7): Initializing Stasis Event Emitter
2016-12-13T15:15:46+05:00 DEBUG (7): channels class had been initiated
2016-12-13T15:15:59+05:00 DEBUG (7): Initializing WebSocket Information
2016-12-13T15:15:59+05:00 DEBUG (7): Initializing Stasis Event Emitter
2016-12-13T15:15:59+05:00 DEBUG (7): channels class had been initiated
2016-12-13T15:17:00+05:00 DEBUG (7): Initializing WebSocket Information
2016-12-13T15:17:00+05:00 DEBUG (7): Initializing Stasis Event Emitter
2016-12-13T15:17:00+05:00 DEBUG (7): applications class had been initiated
2016-12-13T15:17:31+05:00 DEBUG (7): Initializing WebSocket Information
2016-12-13T15:17:31+05:00 DEBUG (7): Initializing Stasis Event Emitter
2016-12-13T15:17:31+05:00 DEBUG (7): applications class had been initiated
2016-12-13T15:18:36+05:00 DEBUG (7): Initializing WebSocket Information
2016-12-13T15:18:36+05:00 DEBUG (7): Initializing Stasis Event Emitter
2016-12-13T15:18:36+05:00 DEBUG (7): channels class had been initiated
2016-12-13T15:18:52+05:00 DEBUG (7): Initializing WebSocket Information
2016-12-13T15:18:52+05:00 DEBUG (7): Initializing Stasis Event Emitter
2016-12-13T15:18:52+05:00 DEBUG (7): channels class had been initiated
2016-12-13T15:21:00+05:00 DEBUG (7): Initializing WebSocket Information
2016-12-13T15:21:00+05:00 DEBUG (7): Initializing Stasis Event Emitter
2016-12-13T15:28:51+05:00 DEBUG (7): Initializing WebSocket Information
2016-12-13T15:28:51+05:00 DEBUG (7): Initializing Stasis Event Emitter
2016-12-13T15:28:51+05:00 DEBUG (7): channels class had been initiated
2016-12-13T15:29:15+05:00 DEBUG (7): Initializing WebSocket Information
2016-12-13T15:29:15+05:00 DEBUG (7): Initializing Stasis Event Emitter
2016-12-13T15:29:15+05:00 DEBUG (7): channels class had been initiated
2016-12-13T15:30:18+05:00 DEBUG (7): Initializing WebSocket Information
2016-12-13T15:30:18+05:00 DEBUG (7): Initializing Stasis Event Emitter
2016-12-13T15:30:18+05:00 DEBUG (7): channels class had been initiated
2016-12-13T15:30:36+05:00 DEBUG (7): Initializing WebSocket Information
2016-12-13T15:30:36+05:00 DEBUG (7): Initializing Stasis Event Emitter
2016-12-13T15:30:36+05:00 DEBUG (7): channels class had been initiated
2016-12-13T15:31:00+05:00 DEBUG (7): Initializing WebSocket Information
2016-12-13T15:31:00+05:00 DEBUG (7): Initializing Stasis Event Emitter
2016-12-13T15:31:00+05:00 DEBUG (7): channels class had been initiated
2016-12-13T15:31:12+05:00 DEBUG (7): Initializing WebSocket Information
2016-12-13T15:31:12+05:00 DEBUG (7): Initializing Stasis Event Emitter
2016-12-13T15:31:12+05:00 DEBUG (7): channels class had been initiated
2016-12-13T15:31:19+05:00 DEBUG (7): Initializing WebSocket Information
2016-12-13T15:31:19+05:00 DEBUG (7): Initializing Stasis Event Emitter
2016-12-13T15:31:19+05:00 DEBUG (7): channels class had been initiated
2016-12-13T15:31:27+05:00 DEBUG (7): Initializing WebSocket Information
2016-12-13T15:31:27+05:00 DEBUG (7): Initializing Stasis Event Emitter
2016-12-13T15:31:27+05:00 DEBUG (7): channels class had been initiated
2016-12-13T15:31:29+05:00 DEBUG (7): Initializing WebSocket Information
2016-12-13T15:31:29+05:00 DEBUG (7): Initializing Stasis Event Emitter
2016-12-13T15:31:29+05:00 DEBUG (7): channels class had been initiated
2016-12-13T15:32:53+05:00 DEBUG (7): Initializing WebSocket Information
2016-12-13T15:32:53+05:00 DEBUG (7): Initializing Stasis Event Emitter
2016-12-13T15:32:53+05:00 DEBUG (7): channels class had been initiated
2016-12-13T15:33:46+05:00 DEBUG (7): Initializing WebSocket Information
2016-12-13T15:33:46+05:00 DEBUG (7): Initializing Stasis Event Emitter
2016-12-13T15:33:46+05:00 DEBUG (7): channels class had been initiated
2016-12-13T15:35:27+05:00 DEBUG (7): Initializing WebSocket Information
2016-12-13T15:35:27+05:00 DEBUG (7): Initializing Stasis Event Emitter
2016-12-13T15:35:27+05:00 DEBUG (7): channels class had been initiated
2016-12-13T15:36:31+05:00 DEBUG (7): Initializing WebSocket Information
2016-12-13T15:36:31+05:00 DEBUG (7): Initializing Stasis Event Emitter
2016-12-13T15:36:31+05:00 DEBUG (7): channels class had been initiated
2016-12-13T15:47:51+05:00 DEBUG (7): Initializing WebSocket Information
2016-12-13T15:47:51+05:00 DEBUG (7): Initializing Stasis Event Emitter
2016-12-13T15:47:51+05:00 DEBUG (7): channels class had been initiated
2016-12-13T15:52:03+05:00 DEBUG (7): Initializing WebSocket Information
2016-12-13T15:52:03+05:00 DEBUG (7): Initializing Stasis Event Emitter
2016-12-13T15:52:03+05:00 DEBUG (7): channels class had been initiated
2016-12-13T15:54:54+05:00 DEBUG (7): Initializing WebSocket Information
2016-12-13T15:54:54+05:00 DEBUG (7): Initializing Stasis Event Emitter
2016-12-13T15:54:54+05:00 DEBUG (7): channels class had been initiated
2016-12-13T15:58:15+05:00 DEBUG (7): Initializing WebSocket Information
2016-12-13T15:58:15+05:00 DEBUG (7): Initializing Stasis Event Emitter
2016-12-13T15:58:15+05:00 DEBUG (7): channels class had been initiated
2016-12-13T15:58:38+05:00 DEBUG (7): Initializing WebSocket Information
2016-12-13T15:58:38+05:00 DEBUG (7): Initializing Stasis Event Emitter
2016-12-13T15:58:38+05:00 DEBUG (7): channels class had been initiated
2016-12-13T16:00:53+05:00 DEBUG (7): Initializing WebSocket Information
2016-12-13T16:00:53+05:00 DEBUG (7): Initializing Stasis Event Emitter
2016-12-13T16:00:53+05:00 DEBUG (7): channels class had been initiated
2016-12-13T16:01:39+05:00 DEBUG (7): Initializing WebSocket Information
2016-12-13T16:01:39+05:00 DEBUG (7): Initializing Stasis Event Emitter
2016-12-13T16:01:39+05:00 DEBUG (7): channels class had been initiated
2016-12-13T16:02:07+05:00 DEBUG (7): Initializing WebSocket Information
2016-12-13T16:02:07+05:00 DEBUG (7): Initializing Stasis Event Emitter
2016-12-13T16:02:07+05:00 DEBUG (7): channels class had been initiated
2016-12-13T16:02:25+05:00 DEBUG (7): Initializing WebSocket Information
2016-12-13T16:02:25+05:00 DEBUG (7): Initializing Stasis Event Emitter
2016-12-13T16:02:25+05:00 DEBUG (7): channels class had been initiated
2016-12-13T16:02:49+05:00 DEBUG (7): Initializing WebSocket Information
2016-12-13T16:02:49+05:00 DEBUG (7): Initializing Stasis Event Emitter
2016-12-13T16:02:49+05:00 DEBUG (7): channels class had been initiated
2016-12-13T16:03:38+05:00 DEBUG (7): Initializing WebSocket Information
2016-12-13T16:03:38+05:00 DEBUG (7): Initializing Stasis Event Emitter
2016-12-13T16:03:38+05:00 DEBUG (7): channels class had been initiated
2016-12-13T16:04:41+05:00 DEBUG (7): Initializing WebSocket Information
2016-12-13T16:04:41+05:00 DEBUG (7): Initializing Stasis Event Emitter
2016-12-13T16:04:41+05:00 DEBUG (7): channels class had been initiated
2016-12-13T16:07:05+05:00 DEBUG (7): Initializing WebSocket Information
2016-12-13T16:07:05+05:00 DEBUG (7): Initializing Stasis Event Emitter
2016-12-13T16:07:05+05:00 DEBUG (7): channels class had been initiated
2016-12-13T16:08:06+05:00 DEBUG (7): Initializing WebSocket Information
2016-12-13T16:08:06+05:00 DEBUG (7): Initializing Stasis Event Emitter
2016-12-13T16:08:06+05:00 DEBUG (7): channels class had been initiated
2016-12-13T16:08:47+05:00 DEBUG (7): Initializing WebSocket Information
2016-12-13T16:08:47+05:00 DEBUG (7): Initializing Stasis Event Emitter
2016-12-13T16:08:47+05:00 DEBUG (7): channels class had been initiated
2016-12-13T16:10:16+05:00 DEBUG (7): Initializing WebSocket Information
2016-12-13T16:10:16+05:00 DEBUG (7): Initializing Stasis Event Emitter
2016-12-13T16:10:16+05:00 DEBUG (7): channels class had been initiated
2016-12-13T16:46:15+05:00 DEBUG (7): Initializing WebSocket Information
2016-12-13T16:46:15+05:00 DEBUG (7): Initializing Stasis Event Emitter
2016-12-13T16:46:15+05:00 DEBUG (7): channels class had been initiated
2016-12-13T16:47:48+05:00 DEBUG (7): Initializing WebSocket Information
2016-12-13T16:47:48+05:00 DEBUG (7): Initializing Stasis Event Emitter
2016-12-13T16:47:48+05:00 DEBUG (7): channels class had been initiated
2016-12-13T16:57:47+05:00 DEBUG (7): Initializing WebSocket Information
2016-12-13T16:57:47+05:00 DEBUG (7): Initializing Stasis Event Emitter
2016-12-13T16:57:47+05:00 DEBUG (7): channels class had been initiated
2016-12-13T16:58:49+05:00 DEBUG (7): Initializing WebSocket Information
2016-12-13T16:58:49+05:00 DEBUG (7): Initializing Stasis Event Emitter
2016-12-13T16:58:49+05:00 DEBUG (7): channels class had been initiated
2016-12-13T17:11:10+05:00 DEBUG (7): Initializing WebSocket Information
2016-12-13T17:11:10+05:00 DEBUG (7): Initializing Stasis Event Emitter
2016-12-13T17:11:10+05:00 DEBUG (7): channels class had been initiated
2016-12-13T17:12:27+05:00 DEBUG (7): Initializing WebSocket Information
2016-12-13T17:12:27+05:00 DEBUG (7): Initializing Stasis Event Emitter
2016-12-13T17:12:27+05:00 DEBUG (7): channels class had been initiated
2016-12-13T17:14:32+05:00 DEBUG (7): Initializing WebSocket Information
2016-12-13T17:14:32+05:00 DEBUG (7): Initializing Stasis Event Emitter
2016-12-13T17:14:32+05:00 DEBUG (7): channels class had been initiated
2016-12-13T17:15:49+05:00 DEBUG (7): Initializing WebSocket Information
2016-12-13T17:15:49+05:00 DEBUG (7): Initializing Stasis Event Emitter
2016-12-13T17:15:49+05:00 DEBUG (7): channels class had been initiated
2016-12-13T17:17:38+05:00 DEBUG (7): Initializing WebSocket Information
2016-12-13T17:17:38+05:00 DEBUG (7): Initializing Stasis Event Emitter
2016-12-13T17:17:38+05:00 DEBUG (7): channels class had been initiated
2016-12-13T17:20:40+05:00 DEBUG (7): Initializing WebSocket Information
2016-12-13T17:20:40+05:00 DEBUG (7): Initializing Stasis Event Emitter
2016-12-13T17:20:40+05:00 DEBUG (7): channels class had been initiated
2016-12-13T17:21:09+05:00 DEBUG (7): Initializing WebSocket Information
2016-12-13T17:21:09+05:00 DEBUG (7): Initializing Stasis Event Emitter
2016-12-13T17:21:09+05:00 DEBUG (7): channels class had been initiated
2016-12-14T09:43:59+05:00 DEBUG (7): Initializing WebSocket Information
2016-12-14T09:43:59+05:00 DEBUG (7): Initializing Stasis Event Emitter
2016-12-14T09:43:59+05:00 DEBUG (7): channels class had been initiated
2016-12-14T09:47:28+05:00 DEBUG (7): Initializing WebSocket Information
2016-12-14T09:47:28+05:00 DEBUG (7): Initializing Stasis Event Emitter
2016-12-14T09:47:28+05:00 DEBUG (7): channels class had been initiated
2016-12-14T09:52:39+05:00 DEBUG (7): Initializing WebSocket Information
2016-12-14T09:52:39+05:00 DEBUG (7): Initializing Stasis Event Emitter
2016-12-14T09:52:39+05:00 DEBUG (7): channels class had been initiated
2016-12-14T09:54:22+05:00 DEBUG (7): Initializing WebSocket Information
2016-12-14T09:54:22+05:00 DEBUG (7): Initializing Stasis Event Emitter
2016-12-14T09:54:22+05:00 DEBUG (7): channels class had been initiated
2016-12-14T09:55:22+05:00 DEBUG (7): Initializing WebSocket Information
2016-12-14T09:55:22+05:00 DEBUG (7): Initializing Stasis Event Emitter
2016-12-14T09:55:22+05:00 DEBUG (7): channels class had been initiated
2016-12-14T10:10:37+05:00 DEBUG (7): Initializing WebSocket Information
2016-12-14T10:10:37+05:00 DEBUG (7): Initializing Stasis Event Emitter
2016-12-14T10:10:37+05:00 DEBUG (7): channels class had been initiated
2016-12-14T10:24:15+05:00 DEBUG (7): Initializing WebSocket Information
2016-12-14T10:24:15+05:00 DEBUG (7): Initializing Stasis Event Emitter
2016-12-14T10:24:15+05:00 DEBUG (7): channels class had been initiated
2016-12-14T10:52:32+05:00 DEBUG (7): Initializing WebSocket Information
2016-12-14T10:52:32+05:00 DEBUG (7): Initializing Stasis Event Emitter
2016-12-14T10:52:32+05:00 DEBUG (7): channels class had been initiated
2016-12-14T10:53:22+05:00 DEBUG (7): Initializing WebSocket Information
2016-12-14T10:53:22+05:00 DEBUG (7): Initializing Stasis Event Emitter
2016-12-14T10:53:22+05:00 DEBUG (7): channels class had been initiated
2016-12-14T10:54:17+05:00 DEBUG (7): Initializing WebSocket Information
2016-12-14T10:54:17+05:00 DEBUG (7): Initializing Stasis Event Emitter
2016-12-14T10:54:17+05:00 DEBUG (7): channels class had been initiated
2016-12-14T10:55:19+05:00 DEBUG (7): Initializing WebSocket Information
2016-12-14T10:55:19+05:00 DEBUG (7): Initializing Stasis Event Emitter
2016-12-14T10:55:19+05:00 DEBUG (7): channels class had been initiated
2016-12-14T11:11:13+05:00 DEBUG (7): Initializing WebSocket Information
2016-12-14T11:11:13+05:00 DEBUG (7): Initializing Stasis Event Emitter
2016-12-14T11:11:13+05:00 DEBUG (7): channels class had been initiated
2016-12-14T11:13:53+05:00 DEBUG (7): Initializing WebSocket Information
2016-12-14T11:13:53+05:00 DEBUG (7): Initializing Stasis Event Emitter
2016-12-14T11:13:53+05:00 DEBUG (7): channels class had been initiated
2016-12-14T11:16:35+05:00 DEBUG (7): Initializing WebSocket Information
2016-12-14T11:16:35+05:00 DEBUG (7): Initializing Stasis Event Emitter
2016-12-14T11:16:35+05:00 DEBUG (7): channels class had been initiated
2016-12-14T11:40:43+05:00 DEBUG (7): Initializing WebSocket Information
2016-12-14T11:40:43+05:00 DEBUG (7): Initializing Stasis Event Emitter
2016-12-14T11:40:43+05:00 DEBUG (7): channels class had been initiated
2016-12-14T11:43:37+05:00 DEBUG (7): Initializing WebSocket Information
2016-12-14T11:43:37+05:00 DEBUG (7): Initializing Stasis Event Emitter
2016-12-14T11:43:37+05:00 DEBUG (7): channels class had been initiated
2016-12-14T11:44:46+05:00 DEBUG (7): Initializing WebSocket Information
2016-12-14T11:44:46+05:00 DEBUG (7): Initializing Stasis Event Emitter
2016-12-14T11:44:46+05:00 DEBUG (7): channels class had been initiated
2016-12-14T11:46:01+05:00 DEBUG (7): Initializing WebSocket Information
2016-12-14T11:46:01+05:00 DEBUG (7): Initializing Stasis Event Emitter
2016-12-14T11:46:01+05:00 DEBUG (7): channels class had been initiated
2016-12-14T11:46:50+05:00 DEBUG (7): Initializing WebSocket Information
2016-12-14T11:46:50+05:00 DEBUG (7): Initializing Stasis Event Emitter
2016-12-14T11:46:50+05:00 DEBUG (7): channels class had been initiated
2016-12-14T11:50:06+05:00 DEBUG (7): Initializing WebSocket Information
2016-12-14T11:50:06+05:00 DEBUG (7): Initializing Stasis Event Emitter
2016-12-14T11:50:06+05:00 DEBUG (7): channels class had been initiated
2016-12-14T11:51:59+05:00 DEBUG (7): Initializing WebSocket Information
2016-12-14T11:51:59+05:00 DEBUG (7): Initializing Stasis Event Emitter
2016-12-14T11:51:59+05:00 DEBUG (7): channels class had been initiated
2016-12-14T13:05:15+05:00 DEBUG (7): Initializing WebSocket Information
2016-12-14T13:05:15+05:00 DEBUG (7): Initializing Stasis Event Emitter
2016-12-14T13:05:15+05:00 DEBUG (7): channels class had been initiated
2016-12-14T13:05:27+05:00 DEBUG (7): Initializing WebSocket Information
2016-12-14T13:05:27+05:00 DEBUG (7): Initializing Stasis Event Emitter
2016-12-14T13:05:27+05:00 DEBUG (7): channels class had been initiated
2016-12-14T14:45:05+05:00 DEBUG (7): Initializing WebSocket Information
2016-12-14T14:45:05+05:00 DEBUG (7): Initializing Stasis Event Emitter
2016-12-14T14:45:05+05:00 DEBUG (7): channels class had been initiated
2016-12-14T14:46:18+05:00 DEBUG (7): Initializing WebSocket Information
2016-12-14T14:46:18+05:00 DEBUG (7): Initializing Stasis Event Emitter
2016-12-14T14:46:18+05:00 DEBUG (7): channels class had been initiated
2016-12-14T14:48:46+05:00 DEBUG (7): Initializing WebSocket Information
2016-12-14T14:48:46+05:00 DEBUG (7): Initializing Stasis Event Emitter
2016-12-14T14:48:46+05:00 DEBUG (7): channels class had been initiated
2016-12-14T14:49:51+05:00 DEBUG (7): Initializing WebSocket Information
2016-12-14T14:49:51+05:00 DEBUG (7): Initializing Stasis Event Emitter
2016-12-14T14:49:51+05:00 DEBUG (7): channels class had been initiated
2016-12-14T14:50:23+05:00 DEBUG (7): Initializing WebSocket Information
2016-12-14T14:50:23+05:00 DEBUG (7): Initializing Stasis Event Emitter
2016-12-14T14:50:23+05:00 DEBUG (7): channels class had been initiated
2016-12-14T16:21:11+05:00 DEBUG (7): Initializing WebSocket Information
2016-12-14T16:21:11+05:00 DEBUG (7): Initializing Stasis Event Emitter
2016-12-14T16:21:11+05:00 DEBUG (7): channels class had been initiated
2016-12-14T16:33:03+05:00 DEBUG (7): Initializing WebSocket Information
2016-12-14T16:33:03+05:00 DEBUG (7): Initializing Stasis Event Emitter
2016-12-14T16:33:03+05:00 DEBUG (7): channels class had been initiated
2016-12-14T16:33:48+05:00 DEBUG (7): Initializing WebSocket Information
2016-12-14T16:33:48+05:00 DEBUG (7): Initializing Stasis Event Emitter
2016-12-14T16:33:48+05:00 DEBUG (7): channels class had been initiated
2016-12-14T16:35:14+05:00 DEBUG (7): Initializing WebSocket Information
2016-12-14T16:35:14+05:00 DEBUG (7): Initializing Stasis Event Emitter
2016-12-14T16:35:14+05:00 DEBUG (7): channels class had been initiated
2016-12-14T16:38:19+05:00 DEBUG (7): Initializing WebSocket Information
2016-12-14T16:38:19+05:00 DEBUG (7): Initializing Stasis Event Emitter
2016-12-14T16:38:19+05:00 DEBUG (7): channels class had been initiated
2016-12-14T16:44:02+05:00 DEBUG (7): Initializing WebSocket Information
2016-12-14T16:44:02+05:00 DEBUG (7): Initializing Stasis Event Emitter
2016-12-14T16:44:02+05:00 DEBUG (7): channels class had been initiated
2016-12-15T09:55:56+05:00 DEBUG (7): Initializing WebSocket Information
2016-12-15T09:55:56+05:00 DEBUG (7): Initializing Stasis Event Emitter
2016-12-15T09:55:56+05:00 DEBUG (7): channels class had been initiated
2016-12-15T09:56:09+05:00 DEBUG (7): Initializing WebSocket Information
2016-12-15T09:56:09+05:00 DEBUG (7): Initializing Stasis Event Emitter
2016-12-15T09:56:09+05:00 DEBUG (7): channels class had been initiated
2016-12-15T09:57:02+05:00 DEBUG (7): Initializing WebSocket Information
2016-12-15T09:57:02+05:00 DEBUG (7): Initializing Stasis Event Emitter
2016-12-15T09:57:02+05:00 DEBUG (7): channels class had been initiated
2016-12-16T09:44:29+05:00 DEBUG (7): Initializing WebSocket Information
2016-12-16T09:44:30+05:00 DEBUG (7): Initializing Stasis Event Emitter
2016-12-16T09:44:30+05:00 DEBUG (7): channels class had been initiated
2016-12-16T09:44:57+05:00 DEBUG (7): Initializing WebSocket Information
2016-12-16T09:44:57+05:00 DEBUG (7): Initializing Stasis Event Emitter
2016-12-16T09:44:57+05:00 DEBUG (7): channels class had been initiated
2016-12-16T09:45:30+05:00 DEBUG (7): Initializing WebSocket Information
2016-12-16T09:45:30+05:00 DEBUG (7): Initializing Stasis Event Emitter
2016-12-16T09:45:30+05:00 DEBUG (7): channels class had been initiated
2016-12-16T09:45:59+05:00 DEBUG (7): Initializing WebSocket Information
2016-12-16T09:45:59+05:00 DEBUG (7): Initializing Stasis Event Emitter
2016-12-16T09:45:59+05:00 DEBUG (7): channels class had been initiated
2016-12-16T10:03:08+05:00 DEBUG (7): Initializing WebSocket Information
2016-12-16T10:03:08+05:00 DEBUG (7): Initializing Stasis Event Emitter
2016-12-16T10:03:08+05:00 DEBUG (7): channels class had been initiated
2016-12-16T10:06:09+05:00 DEBUG (7): Initializing WebSocket Information
2016-12-16T10:06:09+05:00 DEBUG (7): Initializing Stasis Event Emitter
2016-12-16T10:06:09+05:00 DEBUG (7): channels class had been initiated
2016-12-16T10:10:20+05:00 DEBUG (7): Initializing WebSocket Information
2016-12-16T10:10:20+05:00 DEBUG (7): Initializing Stasis Event Emitter
2016-12-16T10:10:20+05:00 DEBUG (7): channels class had been initiated
2016-12-16T11:07:46+05:00 DEBUG (7): Initializing WebSocket Information
2016-12-16T11:07:46+05:00 DEBUG (7): Initializing Stasis Event Emitter
2016-12-16T11:07:46+05:00 DEBUG (7): channels class had been initiated
2016-12-16T15:16:45+05:00 DEBUG (7): Initializing WebSocket Information
2016-12-16T15:16:45+05:00 DEBUG (7): Initializing Stasis Event Emitter
2016-12-16T15:16:45+05:00 DEBUG (7): channels class had been initiated
2016-12-16T15:19:05+05:00 DEBUG (7): Initializing WebSocket Information
2016-12-16T15:19:05+05:00 DEBUG (7): Initializing Stasis Event Emitter
2016-12-16T15:19:05+05:00 DEBUG (7): channels class had been initiated
2016-12-16T15:20:00+05:00 DEBUG (7): Initializing WebSocket Information
2016-12-16T15:20:00+05:00 DEBUG (7): Initializing Stasis Event Emitter
2016-12-16T15:20:00+05:00 DEBUG (7): channels class had been initiated
2016-12-16T15:20:29+05:00 DEBUG (7): Initializing WebSocket Information
2016-12-16T15:20:30+05:00 DEBUG (7): Initializing Stasis Event Emitter
2016-12-16T15:20:30+05:00 DEBUG (7): channels class had been initiated
2016-12-16T15:23:47+05:00 DEBUG (7): Initializing WebSocket Information
2016-12-16T15:23:47+05:00 DEBUG (7): Initializing Stasis Event Emitter
2016-12-16T15:23:47+05:00 DEBUG (7): channels class had been initiated
2016-12-16T15:25:07+05:00 DEBUG (7): Initializing WebSocket Information
2016-12-16T15:25:07+05:00 DEBUG (7): Initializing Stasis Event Emitter
2016-12-16T15:25:07+05:00 DEBUG (7): channels class had been initiated
2016-12-16T15:25:25+05:00 DEBUG (7): Initializing WebSocket Information
2016-12-16T15:25:25+05:00 DEBUG (7): Initializing Stasis Event Emitter
2016-12-16T15:25:25+05:00 DEBUG (7): channels class had been initiated
